0 info it worked if it ends with ok
1 verbose cli [ 'C:\\Program Files\\nodejs\\node.exe',
1 verbose cli   'C:\\Program Files\\nodejs\\node_modules\\npm\\bin\\npm-cli.js',
1 verbose cli   'run-script',
1 verbose cli   'js:ci' ]
2 info using npm@3.8.3
3 info using node@v5.10.1
4 verbose run-script [ 'prejs:ci', 'js:ci', 'postjs:ci' ]
5 info lifecycle ln-patternlab@0.1.0~prejs:ci: ln-patternlab@0.1.0
6 silly lifecycle ln-patternlab@0.1.0~prejs:ci: no script for prejs:ci, continuing
7 info lifecycle ln-patternlab@0.1.0~js:ci: ln-patternlab@0.1.0
8 verbose lifecycle ln-patternlab@0.1.0~js:ci: unsafe-perm in lifecycle true
9 verbose lifecycle ln-patternlab@0.1.0~js:ci: PATH: C:\Program Files\nodejs\node_modules\npm\bin\node-gyp-bin;D:\Dropbox\_clients\GetMoxied\CJW0046-LN-Patterns\Development\ng-patterns\node_modules\.bin;C:\Program Files\nodejs;C:\ProgramData\Oracle\Java\javapath;C:\WINDOWS\system32;C:\WINDOWS;C:\WINDOWS\System32\Wbem;C:\WINDOWS\System32\WindowsPowerShell\v1.0\;C:\Program Files (x86)\ATI Technologies\ATI.ACE\Core-Static;C:\Program Files (x86)\Skype\Phone\;C:\Program Files (x86)\QuickTime\QTSystem\;C:\Program Files (x86)\Windows Kits\10\Windows Performance Toolkit\;C:\Users\Chris\AppData\Local\Programs\Git\cmd;C:\Program Files (x86)\GtkSharp\2.12\bin;C:\Program Files\Microsoft SQL Server\120\Tools\Binn\;C:\Program Files\TortoiseHg\;D:\_SDKs\Apache-Flex-4.15.0\bin;C:\Program Files\Java\jdk1.8.0_73\bin;C:\Program Files\Microsoft\Web Platform Installer\;C:\Program Files\nodejs\;C:\Ruby22-x64\bin;C:\Users\Chris\AppData\Local\Programs\Python\Python35\Scripts\;C:\Users\Chris\AppData\Local\Programs\Python\Python35\;C:\Program Files (x86)\Google\Chrome\Application;C:\Windows\system32;C:\Windows;C:\Windows\System32\Wbem;C:\Windows\System32\WindowsPowerShell\v1.0\;C:\Program Files (x86)\ATI Technologies\ATI.ACE\Core-Static;C:\Program Files (x86)\Skype\Phone\;C:\Users\Chris\AppData\Local\Programs\Git\cmd;C:\Users\Chris\AppData\Roaming\npm
10 verbose lifecycle ln-patternlab@0.1.0~js:ci: CWD: D:\Dropbox\_clients\GetMoxied\CJW0046-LN-Patterns\Development\ng-patterns
11 silly lifecycle ln-patternlab@0.1.0~js:ci: Args: [ '/d /s /c', 'eslint lib/\\*\\*/\\*.js' ]
12 silly lifecycle ln-patternlab@0.1.0~js:ci: Returned: code: 1  signal: null
13 info lifecycle ln-patternlab@0.1.0~js:ci: Failed to exec js:ci script
14 verbose stack Error: ln-patternlab@0.1.0 js:ci: `eslint lib/\*\*/\*.js`
14 verbose stack Exit status 1
14 verbose stack     at EventEmitter.<anonymous> (C:\Program Files\nodejs\node_modules\npm\lib\utils\lifecycle.js:239:16)
14 verbose stack     at emitTwo (events.js:100:13)
14 verbose stack     at EventEmitter.emit (events.js:185:7)
14 verbose stack     at ChildProcess.<anonymous> (C:\Program Files\nodejs\node_modules\npm\lib\utils\spawn.js:24:14)
14 verbose stack     at emitTwo (events.js:100:13)
14 verbose stack     at ChildProcess.emit (events.js:185:7)
14 verbose stack     at maybeClose (internal/child_process.js:850:16)
14 verbose stack     at Process.ChildProcess._handle.onexit (internal/child_process.js:215:5)
15 verbose pkgid ln-patternlab@0.1.0
16 verbose cwd D:\Dropbox\_clients\GetMoxied\CJW0046-LN-Patterns\Development\ng-patterns
17 error Windows_NT 10.0.10586
18 error argv "C:\\Program Files\\nodejs\\node.exe" "C:\\Program Files\\nodejs\\node_modules\\npm\\bin\\npm-cli.js" "run-script" "js:ci"
19 error node v5.10.1
20 error npm  v3.8.3
21 error code ELIFECYCLE
22 error ln-patternlab@0.1.0 js:ci: `eslint lib/\*\*/\*.js`
22 error Exit status 1
23 error Failed at the ln-patternlab@0.1.0 js:ci script 'eslint lib/\*\*/\*.js'.
23 error Make sure you have the latest version of node.js and npm installed.
23 error If you do, this is most likely a problem with the ln-patternlab package,
23 error not with npm itself.
23 error Tell the author that this fails on your system:
23 error     eslint lib/\*\*/\*.js
23 error You can get information on how to open an issue for this project with:
23 error     npm bugs ln-patternlab
23 error Or if that isn't available, you can get their info via:
23 error     npm owner ls ln-patternlab
23 error There is likely additional logging output above.
24 verbose exit [ 1, true ]
